{"C:\\Users\\user\\Desktop\\LABORATORIA\\LIM015-burger-queen-api\\src\\app.js": {"path":"C:\\Users\\user\\Desktop\\LABORATORIA\\LIM015-burger-queen-api\\src\\app.js","statementMap":{"0":{"start":{"line":1,"column":16},"end":{"line":1,"column":34}},"1":{"start":{"line":2,"column":13},"end":{"line":2,"column":28}},"2":{"start":{"line":4,"column":15},"end":{"line":4,"column":34}},"3":{"start":{"line":7,"column":21},"end":{"line":7,"column":50}},"4":{"start":{"line":9,"column":15},"end":{"line":9,"column":34}},"5":{"start":{"line":11,"column":12},"end":{"line":11,"column":38}},"6":{"start":{"line":12,"column":24},"end":{"line":12,"column":54}},"7":{"start":{"line":15,"column":12},"end":{"line":15,"column":21}},"8":{"start":{"line":16,"column":0},"end":{"line":16,"column":14}},"9":{"start":{"line":18,"column":0},"end":{"line":18,"column":26}},"10":{"start":{"line":19,"column":0},"end":{"line":19,"column":20}},"11":{"start":{"line":22,"column":0},"end":{"line":22,"column":16}},"12":{"start":{"line":23,"column":0},"end":{"line":23,"column":49}},"13":{"start":{"line":24,"column":0},"end":{"line":24,"column":24}},"14":{"start":{"line":26,"column":0},"end":{"line":26,"column":22}},"15":{"start":{"line":29,"column":0},"end":{"line":33,"column":3}},"16":{"start":{"line":30,"column":2},"end":{"line":32,"column":3}},"17":{"start":{"line":31,"column":4},"end":{"line":31,"column":14}},"18":{"start":{"line":35,"column":0},"end":{"line":35,"column":21}}},"fnMap":{"0":{"name":"(anonymous_0)","decl":{"start":{"line":29,"column":12},"end":{"line":29,"column":13}},"loc":{"start":{"line":29,"column":21},"end":{"line":33,"column":1}},"line":29}},"branchMap":{"0":{"loc":{"start":{"line":30,"column":2},"end":{"line":32,"column":3}},"type":"if","locations":[{"start":{"line":30,"column":2},"end":{"line":32,"column":3}},{"start":{"line":30,"column":2},"end":{"line":32,"column":3}}],"line":30}},"s":{"0":4,"1":4,"2":4,"3":4,"4":4,"5":4,"6":4,"7":4,"8":4,"9":4,"10":4,"11":4,"12":4,"13":4,"14":4,"15":4,"16":8,"17":4,"18":4},"f":{"0":8},"b":{"0":[4,4]},"_coverageSchema":"1a1c01bbd47fc00a2c39e90264f33305004495a9","hash":"fd2a999b1d139b2790868ffbbe5db09f02605848"}
,"C:\\Users\\user\\Desktop\\LABORATORIA\\LIM015-burger-queen-api\\src\\config.js": {"path":"C:\\Users\\user\\Desktop\\LABORATORIA\\LIM015-burger-queen-api\\src\\config.js","statementMap":{"0":{"start":{"line":1,"column":0},"end":{"line":1,"column":59}},"1":{"start":{"line":2,"column":0},"end":{"line":2,"column":71}},"2":{"start":{"line":3,"column":0},"end":{"line":3,"column":73}},"3":{"start":{"line":4,"column":0},"end":{"line":4,"column":70}},"4":{"start":{"line":5,"column":0},"end":{"line":5,"column":65}}},"fnMap":{},"branchMap":{"0":{"loc":{"start":{"line":1,"column":15},"end":{"line":1,"column":58}},"type":"binary-expr","locations":[{"start":{"line":1,"column":15},"end":{"line":1,"column":30}},{"start":{"line":1,"column":34},"end":{"line":1,"column":50}},{"start":{"line":1,"column":54},"end":{"line":1,"column":58}}],"line":1},"1":{"loc":{"start":{"line":2,"column":16},"end":{"line":2,"column":70}},"type":"binary-expr","locations":[{"start":{"line":2,"column":16},"end":{"line":2,"column":34}},{"start":{"line":2,"column":38},"end":{"line":2,"column":70}}],"line":2},"2":{"loc":{"start":{"line":3,"column":17},"end":{"line":3,"column":72}},"type":"binary-expr","locations":[{"start":{"line":3,"column":17},"end":{"line":3,"column":39}},{"start":{"line":3,"column":43},"end":{"line":3,"column":72}}],"line":3},"3":{"loc":{"start":{"line":4,"column":21},"end":{"line":4,"column":69}},"type":"binary-expr","locations":[{"start":{"line":4,"column":21},"end":{"line":4,"column":44}},{"start":{"line":4,"column":48},"end":{"line":4,"column":69}}],"line":4},"4":{"loc":{"start":{"line":5,"column":24},"end":{"line":5,"column":64}},"type":"binary-expr","locations":[{"start":{"line":5,"column":24},"end":{"line":5,"column":50}},{"start":{"line":5,"column":54},"end":{"line":5,"column":64}}],"line":5}},"s":{"0":4,"1":4,"2":4,"3":4,"4":4},"f":{},"b":{"0":[4,0,0],"1":[4,4],"2":[4,4],"3":[4,4],"4":[4,4]},"_coverageSchema":"1a1c01bbd47fc00a2c39e90264f33305004495a9","hash":"c9e6b05f1a0ff0044ba35055664f0838f97dadd3"}
,"C:\\Users\\user\\Desktop\\LABORATORIA\\LIM015-burger-queen-api\\src\\controller\\auth.js": {"path":"C:\\Users\\user\\Desktop\\LABORATORIA\\LIM015-burger-queen-api\\src\\controller\\auth.js","statementMap":{"0":{"start":{"line":1,"column":12},"end":{"line":1,"column":35}},"1":{"start":{"line":2,"column":13},"end":{"line":2,"column":39}},"2":{"start":{"line":3,"column":19},"end":{"line":3,"column":39}},"3":{"start":{"line":5,"column":13},"end":{"line":26,"column":1}},"4":{"start":{"line":6,"column":2},"end":{"line":25,"column":3}},"5":{"start":{"line":7,"column":32},"end":{"line":7,"column":40}},"6":{"start":{"line":8,"column":4},"end":{"line":10,"column":5}},"7":{"start":{"line":9,"column":6},"end":{"line":9,"column":86}},"8":{"start":{"line":12,"column":22},"end":{"line":12,"column":67}},"9":{"start":{"line":14,"column":4},"end":{"line":16,"column":5}},"10":{"start":{"line":15,"column":6},"end":{"line":15,"column":66}},"11":{"start":{"line":17,"column":26},"end":{"line":17,"column":91}},"12":{"start":{"line":18,"column":4},"end":{"line":20,"column":5}},"13":{"start":{"line":19,"column":6},"end":{"line":19,"column":81}},"14":{"start":{"line":21,"column":18},"end":{"line":21,"column":79}},"15":{"start":{"line":22,"column":4},"end":{"line":22,"column":37}},"16":{"start":{"line":24,"column":4},"end":{"line":24,"column":23}},"17":{"start":{"line":28,"column":0},"end":{"line":28,"column":26}}},"fnMap":{"0":{"name":"(anonymous_0)","decl":{"start":{"line":5,"column":13},"end":{"line":5,"column":14}},"loc":{"start":{"line":5,"column":40},"end":{"line":26,"column":1}},"line":5}},"branchMap":{"0":{"loc":{"start":{"line":8,"column":4},"end":{"line":10,"column":5}},"type":"if","locations":[{"start":{"line":8,"column":4},"end":{"line":10,"column":5}},{"start":{"line":8,"column":4},"end":{"line":10,"column":5}}],"line":8},"1":{"loc":{"start":{"line":8,"column":8},"end":{"line":8,"column":27}},"type":"binary-expr","locations":[{"start":{"line":8,"column":8},"end":{"line":8,"column":14}},{"start":{"line":8,"column":18},"end":{"line":8,"column":27}}],"line":8},"2":{"loc":{"start":{"line":14,"column":4},"end":{"line":16,"column":5}},"type":"if","locations":[{"start":{"line":14,"column":4},"end":{"line":16,"column":5}},{"start":{"line":14,"column":4},"end":{"line":16,"column":5}}],"line":14},"3":{"loc":{"start":{"line":18,"column":4},"end":{"line":20,"column":5}},"type":"if","locations":[{"start":{"line":18,"column":4},"end":{"line":20,"column":5}},{"start":{"line":18,"column":4},"end":{"line":20,"column":5}}],"line":18}},"s":{"0":4,"1":4,"2":4,"3":4,"4":60,"5":60,"6":60,"7":1,"8":59,"9":59,"10":1,"11":58,"12":58,"13":1,"14":57,"15":57,"16":0,"17":4},"f":{"0":60},"b":{"0":[1,59],"1":[60,60],"2":[1,58],"3":[1,57]},"_coverageSchema":"1a1c01bbd47fc00a2c39e90264f33305004495a9","hash":"3026d2d538ce8d71811565f8acb736ee567cf29a"}
,"C:\\Users\\user\\Desktop\\LABORATORIA\\LIM015-burger-queen-api\\src\\controller\\orders.js": {"path":"C:\\Users\\user\\Desktop\\LABORATORIA\\LIM015-burger-queen-api\\src\\controller\\orders.js","statementMap":{"0":{"start":{"line":1,"column":14},"end":{"line":1,"column":41}},"1":{"start":{"line":2,"column":16},"end":{"line":2,"column":45}},"2":{"start":{"line":3,"column":21},"end":{"line":3,"column":46}},"3":{"start":{"line":5,"column":20},"end":{"line":30,"column":1}},"4":{"start":{"line":6,"column":2},"end":{"line":29,"column":3}},"5":{"start":{"line":9,"column":8},"end":{"line":9,"column":16}},"6":{"start":{"line":10,"column":4},"end":{"line":26,"column":5}},"7":{"start":{"line":11,"column":6},"end":{"line":11,"column":79}},"8":{"start":{"line":13,"column":23},"end":{"line":15,"column":8}},"9":{"start":{"line":16,"column":6},"end":{"line":25,"column":9}},"10":{"start":{"line":17,"column":29},"end":{"line":17,"column":77}},"11":{"start":{"line":18,"column":8},"end":{"line":24,"column":9}},"12":{"start":{"line":19,"column":10},"end":{"line":19,"column":75}},"13":{"start":{"line":21,"column":29},"end":{"line":21,"column":50}},"14":{"start":{"line":22,"column":33},"end":{"line":22,"column":106}},"15":{"start":{"line":23,"column":10},"end":{"line":23,"column":48}},"16":{"start":{"line":28,"column":4},"end":{"line":28,"column":23}},"17":{"start":{"line":32,"column":18},"end":{"line":49,"column":1}},"18":{"start":{"line":33,"column":2},"end":{"line":48,"column":3}},"19":{"start":{"line":34,"column":18},"end":{"line":34,"column":53}},"20":{"start":{"line":35,"column":17},"end":{"line":35,"column":50}},"21":{"start":{"line":36,"column":21},"end":{"line":36,"column":39}},"22":{"start":{"line":37,"column":22},"end":{"line":37,"column":73}},"23":{"start":{"line":38,"column":23},"end":{"line":43,"column":5}},"24":{"start":{"line":44,"column":4},"end":{"line":44,"column":27}},"25":{"start":{"line":45,"column":4},"end":{"line":45,"column":42}},"26":{"start":{"line":47,"column":4},"end":{"line":47,"column":23}},"27":{"start":{"line":51,"column":21},"end":{"line":65,"column":1}},"28":{"start":{"line":52,"column":2},"end":{"line":64,"column":3}},"29":{"start":{"line":53,"column":23},"end":{"line":53,"column":51}},"30":{"start":{"line":54,"column":4},"end":{"line":60,"column":5}},"31":{"start":{"line":55,"column":20},"end":{"line":55,"column":89}},"32":{"start":{"line":56,"column":6},"end":{"line":58,"column":7}},"33":{"start":{"line":57,"column":8},"end":{"line":57,"column":77}},"34":{"start":{"line":59,"column":6},"end":{"line":59,"column":42}},"35":{"start":{"line":61,"column":4},"end":{"line":61,"column":70}},"36":{"start":{"line":63,"column":4},"end":{"line":63,"column":23}},"37":{"start":{"line":67,"column":24},"end":{"line":90,"column":1}},"38":{"start":{"line":68,"column":2},"end":{"line":89,"column":3}},"39":{"start":{"line":69,"column":23},"end":{"line":69,"column":51}},"40":{"start":{"line":70,"column":4},"end":{"line":85,"column":5}},"41":{"start":{"line":71,"column":6},"end":{"line":73,"column":7}},"42":{"start":{"line":72,"column":8},"end":{"line":72,"column":89}},"43":{"start":{"line":74,"column":21},"end":{"line":74,"column":71}},"44":{"start":{"line":75,"column":6},"end":{"line":77,"column":7}},"45":{"start":{"line":76,"column":8},"end":{"line":76,"column":84}},"46":{"start":{"line":78,"column":27},"end":{"line":80,"column":37}},"47":{"start":{"line":81,"column":6},"end":{"line":83,"column":7}},"48":{"start":{"line":82,"column":8},"end":{"line":82,"column":77}},"49":{"start":{"line":84,"column":6},"end":{"line":84,"column":49}},"50":{"start":{"line":86,"column":4},"end":{"line":86,"column":70}},"51":{"start":{"line":88,"column":4},"end":{"line":88,"column":23}},"52":{"start":{"line":92,"column":24},"end":{"line":106,"column":1}},"53":{"start":{"line":93,"column":2},"end":{"line":105,"column":3}},"54":{"start":{"line":94,"column":23},"end":{"line":94,"column":51}},"55":{"start":{"line":95,"column":4},"end":{"line":101,"column":5}},"56":{"start":{"line":96,"column":27},"end":{"line":96,"column":105}},"57":{"start":{"line":97,"column":6},"end":{"line":99,"column":7}},"58":{"start":{"line":98,"column":8},"end":{"line":98,"column":77}},"59":{"start":{"line":100,"column":6},"end":{"line":100,"column":49}},"60":{"start":{"line":102,"column":4},"end":{"line":102,"column":70}},"61":{"start":{"line":104,"column":4},"end":{"line":104,"column":23}},"62":{"start":{"line":108,"column":0},"end":{"line":114,"column":2}}},"fnMap":{"0":{"name":"(anonymous_0)","decl":{"start":{"line":5,"column":20},"end":{"line":5,"column":21}},"loc":{"start":{"line":5,"column":47},"end":{"line":30,"column":1}},"line":5},"1":{"name":"(anonymous_1)","decl":{"start":{"line":16,"column":19},"end":{"line":16,"column":20}},"loc":{"start":{"line":16,"column":33},"end":{"line":25,"column":7}},"line":16},"2":{"name":"(anonymous_2)","decl":{"start":{"line":32,"column":18},"end":{"line":32,"column":19}},"loc":{"start":{"line":32,"column":45},"end":{"line":49,"column":1}},"line":32},"3":{"name":"(anonymous_3)","decl":{"start":{"line":51,"column":21},"end":{"line":51,"column":22}},"loc":{"start":{"line":51,"column":48},"end":{"line":65,"column":1}},"line":51},"4":{"name":"(anonymous_4)","decl":{"start":{"line":67,"column":24},"end":{"line":67,"column":25}},"loc":{"start":{"line":67,"column":51},"end":{"line":90,"column":1}},"line":67},"5":{"name":"(anonymous_5)","decl":{"start":{"line":92,"column":24},"end":{"line":92,"column":25}},"loc":{"start":{"line":92,"column":51},"end":{"line":106,"column":1}},"line":92}},"branchMap":{"0":{"loc":{"start":{"line":10,"column":4},"end":{"line":26,"column":5}},"type":"if","locations":[{"start":{"line":10,"column":4},"end":{"line":26,"column":5}},{"start":{"line":10,"column":4},"end":{"line":26,"column":5}}],"line":10},"1":{"loc":{"start":{"line":10,"column":8},"end":{"line":10,"column":53}},"type":"binary-expr","locations":[{"start":{"line":10,"column":8},"end":{"line":10,"column":15}},{"start":{"line":10,"column":19},"end":{"line":10,"column":28}},{"start":{"line":10,"column":32},"end":{"line":10,"column":53}}],"line":10},"2":{"loc":{"start":{"line":18,"column":8},"end":{"line":24,"column":9}},"type":"if","locations":[{"start":{"line":18,"column":8},"end":{"line":24,"column":9}},{"start":{"line":18,"column":8},"end":{"line":24,"column":9}}],"line":18},"3":{"loc":{"start":{"line":34,"column":18},"end":{"line":34,"column":53}},"type":"binary-expr","locations":[{"start":{"line":34,"column":18},"end":{"line":34,"column":47}},{"start":{"line":34,"column":51},"end":{"line":34,"column":53}}],"line":34},"4":{"loc":{"start":{"line":35,"column":17},"end":{"line":35,"column":50}},"type":"binary-expr","locations":[{"start":{"line":35,"column":17},"end":{"line":35,"column":45}},{"start":{"line":35,"column":49},"end":{"line":35,"column":50}}],"line":35},"5":{"loc":{"start":{"line":40,"column":12},"end":{"line":40,"column":108}},"type":"cond-expr","locations":[{"start":{"line":40,"column":36},"end":{"line":40,"column":100}},{"start":{"line":40,"column":103},"end":{"line":40,"column":108}}],"line":40},"6":{"loc":{"start":{"line":41,"column":12},"end":{"line":41,"column":108}},"type":"cond-expr","locations":[{"start":{"line":41,"column":36},"end":{"line":41,"column":100}},{"start":{"line":41,"column":103},"end":{"line":41,"column":108}}],"line":41},"7":{"loc":{"start":{"line":42,"column":12},"end":{"line":42,"column":119}},"type":"cond-expr","locations":[{"start":{"line":42,"column":35},"end":{"line":42,"column":111}},{"start":{"line":42,"column":114},"end":{"line":42,"column":119}}],"line":42},"8":{"loc":{"start":{"line":54,"column":4},"end":{"line":60,"column":5}},"type":"if","locations":[{"start":{"line":54,"column":4},"end":{"line":60,"column":5}},{"start":{"line":54,"column":4},"end":{"line":60,"column":5}}],"line":54},"9":{"loc":{"start":{"line":56,"column":6},"end":{"line":58,"column":7}},"type":"if","locations":[{"start":{"line":56,"column":6},"end":{"line":58,"column":7}},{"start":{"line":56,"column":6},"end":{"line":58,"column":7}}],"line":56},"10":{"loc":{"start":{"line":70,"column":4},"end":{"line":85,"column":5}},"type":"if","locations":[{"start":{"line":70,"column":4},"end":{"line":85,"column":5}},{"start":{"line":70,"column":4},"end":{"line":85,"column":5}}],"line":70},"11":{"loc":{"start":{"line":71,"column":6},"end":{"line":73,"column":7}},"type":"if","locations":[{"start":{"line":71,"column":6},"end":{"line":73,"column":7}},{"start":{"line":71,"column":6},"end":{"line":73,"column":7}}],"line":71},"12":{"loc":{"start":{"line":71,"column":10},"end":{"line":71,"column":152}},"type":"binary-expr","locations":[{"start":{"line":71,"column":11},"end":{"line":71,"column":45}},{"start":{"line":71,"column":50},"end":{"line":71,"column":72}},{"start":{"line":71,"column":76},"end":{"line":71,"column":98}},{"start":{"line":71,"column":102},"end":{"line":71,"column":124}},{"start":{"line":71,"column":128},"end":{"line":71,"column":152}}],"line":71},"13":{"loc":{"start":{"line":75,"column":6},"end":{"line":77,"column":7}},"type":"if","locations":[{"start":{"line":75,"column":6},"end":{"line":77,"column":7}},{"start":{"line":75,"column":6},"end":{"line":77,"column":7}}],"line":75},"14":{"loc":{"start":{"line":75,"column":10},"end":{"line":75,"column":64}},"type":"binary-expr","locations":[{"start":{"line":75,"column":10},"end":{"line":75,"column":25}},{"start":{"line":75,"column":30},"end":{"line":75,"column":63}}],"line":75},"15":{"loc":{"start":{"line":81,"column":6},"end":{"line":83,"column":7}},"type":"if","locations":[{"start":{"line":81,"column":6},"end":{"line":83,"column":7}},{"start":{"line":81,"column":6},"end":{"line":83,"column":7}}],"line":81},"16":{"loc":{"start":{"line":95,"column":4},"end":{"line":101,"column":5}},"type":"if","locations":[{"start":{"line":95,"column":4},"end":{"line":101,"column":5}},{"start":{"line":95,"column":4},"end":{"line":101,"column":5}}],"line":95},"17":{"loc":{"start":{"line":97,"column":6},"end":{"line":99,"column":7}},"type":"if","locations":[{"start":{"line":97,"column":6},"end":{"line":99,"column":7}},{"start":{"line":97,"column":6},"end":{"line":99,"column":7}}],"line":97}},"s":{"0":4,"1":4,"2":4,"3":4,"4":4,"5":4,"6":4,"7":1,"8":3,"9":3,"10":3,"11":3,"12":1,"13":2,"14":2,"15":2,"16":0,"17":4,"18":1,"19":1,"20":1,"21":1,"22":1,"23":1,"24":1,"25":1,"26":0,"27":4,"28":3,"29":3,"30":3,"31":2,"32":2,"33":1,"34":1,"35":1,"36":0,"37":4,"38":5,"39":5,"40":5,"41":4,"42":1,"43":3,"44":3,"45":1,"46":2,"47":2,"48":1,"49":1,"50":1,"51":0,"52":4,"53":3,"54":3,"55":3,"56":2,"57":2,"58":1,"59":1,"60":1,"61":0,"62":4},"f":{"0":4,"1":3,"2":1,"3":3,"4":5,"5":3},"b":{"0":[1,3],"1":[4,3,3],"2":[1,2],"3":[1,1],"4":[1,1],"5":[0,1],"6":[1,0],"7":[1,0],"8":[2,1],"9":[1,1],"10":[4,1],"11":[1,3],"12":[4,3,3,3,3],"13":[1,2],"14":[3,1],"15":[1,1],"16":[2,1],"17":[1,1]},"_coverageSchema":"1a1c01bbd47fc00a2c39e90264f33305004495a9","hash":"32dff4d5c7103ee1212b15949cac657d19d97ba2"}
,"C:\\Users\\user\\Desktop\\LABORATORIA\\LIM015-burger-queen-api\\src\\controller\\products.js": {"path":"C:\\Users\\user\\Desktop\\LABORATORIA\\LIM015-burger-queen-api\\src\\controller\\products.js","statementMap":{"0":{"start":{"line":1,"column":16},"end":{"line":1,"column":45}},"1":{"start":{"line":2,"column":21},"end":{"line":2,"column":46}},"2":{"start":{"line":4,"column":22},"end":{"line":20,"column":1}},"3":{"start":{"line":5,"column":2},"end":{"line":19,"column":3}},"4":{"start":{"line":8,"column":8},"end":{"line":8,"column":16}},"5":{"start":{"line":9,"column":23},"end":{"line":11,"column":6}},"6":{"start":{"line":12,"column":4},"end":{"line":14,"column":5}},"7":{"start":{"line":13,"column":6},"end":{"line":13,"column":82}},"8":{"start":{"line":15,"column":25},"end":{"line":15,"column":48}},"9":{"start":{"line":16,"column":4},"end":{"line":16,"column":47}},"10":{"start":{"line":18,"column":4},"end":{"line":18,"column":23}},"11":{"start":{"line":22,"column":20},"end":{"line":38,"column":1}},"12":{"start":{"line":23,"column":2},"end":{"line":37,"column":3}},"13":{"start":{"line":24,"column":18},"end":{"line":24,"column":53}},"14":{"start":{"line":25,"column":17},"end":{"line":25,"column":50}},"15":{"start":{"line":26,"column":24},"end":{"line":26,"column":67}},"16":{"start":{"line":27,"column":23},"end":{"line":32,"column":5}},"17":{"start":{"line":33,"column":4},"end":{"line":33,"column":27}},"18":{"start":{"line":34,"column":4},"end":{"line":34,"column":44}},"19":{"start":{"line":36,"column":4},"end":{"line":36,"column":23}},"20":{"start":{"line":40,"column":23},"end":{"line":54,"column":1}},"21":{"start":{"line":41,"column":2},"end":{"line":53,"column":3}},"22":{"start":{"line":42,"column":23},"end":{"line":42,"column":53}},"23":{"start":{"line":43,"column":4},"end":{"line":49,"column":5}},"24":{"start":{"line":44,"column":22},"end":{"line":44,"column":66}},"25":{"start":{"line":45,"column":6},"end":{"line":47,"column":7}},"26":{"start":{"line":46,"column":8},"end":{"line":46,"column":79}},"27":{"start":{"line":48,"column":6},"end":{"line":48,"column":44}},"28":{"start":{"line":50,"column":4},"end":{"line":50,"column":70}},"29":{"start":{"line":52,"column":4},"end":{"line":52,"column":23}},"30":{"start":{"line":56,"column":26},"end":{"line":75,"column":1}},"31":{"start":{"line":57,"column":2},"end":{"line":74,"column":3}},"32":{"start":{"line":58,"column":23},"end":{"line":58,"column":53}},"33":{"start":{"line":59,"column":4},"end":{"line":70,"column":5}},"34":{"start":{"line":60,"column":6},"end":{"line":62,"column":7}},"35":{"start":{"line":61,"column":8},"end":{"line":61,"column":89}},"36":{"start":{"line":63,"column":29},"end":{"line":65,"column":8}},"37":{"start":{"line":66,"column":6},"end":{"line":68,"column":7}},"38":{"start":{"line":67,"column":8},"end":{"line":67,"column":79}},"39":{"start":{"line":69,"column":6},"end":{"line":69,"column":51}},"40":{"start":{"line":71,"column":4},"end":{"line":71,"column":70}},"41":{"start":{"line":73,"column":4},"end":{"line":73,"column":23}},"42":{"start":{"line":77,"column":26},"end":{"line":91,"column":1}},"43":{"start":{"line":78,"column":2},"end":{"line":90,"column":3}},"44":{"start":{"line":79,"column":23},"end":{"line":79,"column":53}},"45":{"start":{"line":80,"column":4},"end":{"line":86,"column":5}},"46":{"start":{"line":81,"column":29},"end":{"line":81,"column":82}},"47":{"start":{"line":82,"column":6},"end":{"line":84,"column":7}},"48":{"start":{"line":83,"column":8},"end":{"line":83,"column":79}},"49":{"start":{"line":85,"column":6},"end":{"line":85,"column":51}},"50":{"start":{"line":87,"column":4},"end":{"line":87,"column":70}},"51":{"start":{"line":89,"column":4},"end":{"line":89,"column":23}},"52":{"start":{"line":93,"column":0},"end":{"line":99,"column":2}}},"fnMap":{"0":{"name":"(anonymous_0)","decl":{"start":{"line":4,"column":22},"end":{"line":4,"column":23}},"loc":{"start":{"line":4,"column":49},"end":{"line":20,"column":1}},"line":4},"1":{"name":"(anonymous_1)","decl":{"start":{"line":22,"column":20},"end":{"line":22,"column":21}},"loc":{"start":{"line":22,"column":47},"end":{"line":38,"column":1}},"line":22},"2":{"name":"(anonymous_2)","decl":{"start":{"line":40,"column":23},"end":{"line":40,"column":24}},"loc":{"start":{"line":40,"column":50},"end":{"line":54,"column":1}},"line":40},"3":{"name":"(anonymous_3)","decl":{"start":{"line":56,"column":26},"end":{"line":56,"column":27}},"loc":{"start":{"line":56,"column":53},"end":{"line":75,"column":1}},"line":56},"4":{"name":"(anonymous_4)","decl":{"start":{"line":77,"column":26},"end":{"line":77,"column":27}},"loc":{"start":{"line":77,"column":53},"end":{"line":91,"column":1}},"line":77}},"branchMap":{"0":{"loc":{"start":{"line":12,"column":4},"end":{"line":14,"column":5}},"type":"if","locations":[{"start":{"line":12,"column":4},"end":{"line":14,"column":5}},{"start":{"line":12,"column":4},"end":{"line":14,"column":5}}],"line":12},"1":{"loc":{"start":{"line":12,"column":8},"end":{"line":12,"column":23}},"type":"binary-expr","locations":[{"start":{"line":12,"column":8},"end":{"line":12,"column":13}},{"start":{"line":12,"column":17},"end":{"line":12,"column":23}}],"line":12},"2":{"loc":{"start":{"line":24,"column":18},"end":{"line":24,"column":53}},"type":"binary-expr","locations":[{"start":{"line":24,"column":18},"end":{"line":24,"column":47}},{"start":{"line":24,"column":51},"end":{"line":24,"column":53}}],"line":24},"3":{"loc":{"start":{"line":25,"column":17},"end":{"line":25,"column":50}},"type":"binary-expr","locations":[{"start":{"line":25,"column":17},"end":{"line":25,"column":45}},{"start":{"line":25,"column":49},"end":{"line":25,"column":50}}],"line":25},"4":{"loc":{"start":{"line":29,"column":12},"end":{"line":29,"column":110}},"type":"cond-expr","locations":[{"start":{"line":29,"column":38},"end":{"line":29,"column":102}},{"start":{"line":29,"column":105},"end":{"line":29,"column":110}}],"line":29},"5":{"loc":{"start":{"line":30,"column":12},"end":{"line":30,"column":110}},"type":"cond-expr","locations":[{"start":{"line":30,"column":38},"end":{"line":30,"column":102}},{"start":{"line":30,"column":105},"end":{"line":30,"column":110}}],"line":30},"6":{"loc":{"start":{"line":31,"column":12},"end":{"line":31,"column":123}},"type":"cond-expr","locations":[{"start":{"line":31,"column":37},"end":{"line":31,"column":115}},{"start":{"line":31,"column":118},"end":{"line":31,"column":123}}],"line":31},"7":{"loc":{"start":{"line":43,"column":4},"end":{"line":49,"column":5}},"type":"if","locations":[{"start":{"line":43,"column":4},"end":{"line":49,"column":5}},{"start":{"line":43,"column":4},"end":{"line":49,"column":5}}],"line":43},"8":{"loc":{"start":{"line":45,"column":6},"end":{"line":47,"column":7}},"type":"if","locations":[{"start":{"line":45,"column":6},"end":{"line":47,"column":7}},{"start":{"line":45,"column":6},"end":{"line":47,"column":7}}],"line":45},"9":{"loc":{"start":{"line":59,"column":4},"end":{"line":70,"column":5}},"type":"if","locations":[{"start":{"line":59,"column":4},"end":{"line":70,"column":5}},{"start":{"line":59,"column":4},"end":{"line":70,"column":5}}],"line":59},"10":{"loc":{"start":{"line":60,"column":6},"end":{"line":62,"column":7}},"type":"if","locations":[{"start":{"line":60,"column":6},"end":{"line":62,"column":7}},{"start":{"line":60,"column":6},"end":{"line":62,"column":7}}],"line":60},"11":{"loc":{"start":{"line":60,"column":10},"end":{"line":60,"column":144}},"type":"binary-expr","locations":[{"start":{"line":60,"column":11},"end":{"line":60,"column":45}},{"start":{"line":60,"column":50},"end":{"line":60,"column":70}},{"start":{"line":60,"column":74},"end":{"line":60,"column":95}},{"start":{"line":60,"column":99},"end":{"line":60,"column":120}},{"start":{"line":60,"column":124},"end":{"line":60,"column":144}}],"line":60},"12":{"loc":{"start":{"line":66,"column":6},"end":{"line":68,"column":7}},"type":"if","locations":[{"start":{"line":66,"column":6},"end":{"line":68,"column":7}},{"start":{"line":66,"column":6},"end":{"line":68,"column":7}}],"line":66},"13":{"loc":{"start":{"line":80,"column":4},"end":{"line":86,"column":5}},"type":"if","locations":[{"start":{"line":80,"column":4},"end":{"line":86,"column":5}},{"start":{"line":80,"column":4},"end":{"line":86,"column":5}}],"line":80},"14":{"loc":{"start":{"line":82,"column":6},"end":{"line":84,"column":7}},"type":"if","locations":[{"start":{"line":82,"column":6},"end":{"line":84,"column":7}},{"start":{"line":82,"column":6},"end":{"line":84,"column":7}}],"line":82}},"s":{"0":4,"1":4,"2":4,"3":6,"4":6,"5":6,"6":6,"7":1,"8":5,"9":5,"10":0,"11":4,"12":1,"13":1,"14":1,"15":1,"16":1,"17":1,"18":1,"19":0,"20":4,"21":3,"22":3,"23":3,"24":2,"25":2,"26":1,"27":1,"28":1,"29":0,"30":4,"31":4,"32":4,"33":4,"34":3,"35":1,"36":2,"37":2,"38":1,"39":1,"40":1,"41":0,"42":4,"43":3,"44":3,"45":3,"46":2,"47":2,"48":1,"49":1,"50":1,"51":0,"52":4},"f":{"0":6,"1":1,"2":3,"3":4,"4":3},"b":{"0":[1,5],"1":[6,5],"2":[1,1],"3":[1,1],"4":[0,1],"5":[1,0],"6":[1,0],"7":[2,1],"8":[1,1],"9":[3,1],"10":[1,2],"11":[3,2,2,2,2],"12":[1,1],"13":[2,1],"14":[1,1]},"_coverageSchema":"1a1c01bbd47fc00a2c39e90264f33305004495a9","hash":"5d846fa28ec60dc48430fe6e97571a49a5f9ef8a"}
,"C:\\Users\\user\\Desktop\\LABORATORIA\\LIM015-burger-queen-api\\src\\controller\\users.js": {"path":"C:\\Users\\user\\Desktop\\LABORATORIA\\LIM015-burger-queen-api\\src\\controller\\users.js","statementMap":{"0":{"start":{"line":1,"column":13},"end":{"line":1,"column":39}},"1":{"start":{"line":2,"column":13},"end":{"line":2,"column":39}},"2":{"start":{"line":3,"column":23},"end":{"line":3,"column":52}},"3":{"start":{"line":4,"column":58},"end":{"line":4,"column":83}},"4":{"start":{"line":6,"column":15},"end":{"line":41,"column":1}},"5":{"start":{"line":7,"column":2},"end":{"line":40,"column":3}},"6":{"start":{"line":12,"column":8},"end":{"line":12,"column":16}},"7":{"start":{"line":13,"column":4},"end":{"line":15,"column":5}},"8":{"start":{"line":14,"column":6},"end":{"line":14,"column":86}},"9":{"start":{"line":16,"column":4},"end":{"line":18,"column":5}},"10":{"start":{"line":17,"column":6},"end":{"line":17,"column":75}},"11":{"start":{"line":18,"column":6},"end":{"line":20,"column":5}},"12":{"start":{"line":19,"column":6},"end":{"line":19,"column":78}},"13":{"start":{"line":21,"column":23},"end":{"line":21,"column":68}},"14":{"start":{"line":22,"column":4},"end":{"line":24,"column":5}},"15":{"start":{"line":23,"column":6},"end":{"line":23,"column":71}},"16":{"start":{"line":25,"column":20},"end":{"line":28,"column":6}},"17":{"start":{"line":29,"column":4},"end":{"line":35,"column":5}},"18":{"start":{"line":30,"column":25},"end":{"line":30,"column":66}},"19":{"start":{"line":31,"column":6},"end":{"line":31,"column":57}},"20":{"start":{"line":31,"column":47},"end":{"line":31,"column":55}},"21":{"start":{"line":33,"column":19},"end":{"line":33,"column":55}},"22":{"start":{"line":34,"column":6},"end":{"line":34,"column":33}},"23":{"start":{"line":36,"column":22},"end":{"line":36,"column":42}},"24":{"start":{"line":37,"column":4},"end":{"line":37,"column":44}},"25":{"start":{"line":39,"column":4},"end":{"line":39,"column":23}},"26":{"start":{"line":43,"column":17},"end":{"line":59,"column":1}},"27":{"start":{"line":44,"column":2},"end":{"line":58,"column":3}},"28":{"start":{"line":45,"column":18},"end":{"line":45,"column":53}},"29":{"start":{"line":46,"column":17},"end":{"line":46,"column":50}},"30":{"start":{"line":47,"column":21},"end":{"line":47,"column":61}},"31":{"start":{"line":48,"column":23},"end":{"line":53,"column":5}},"32":{"start":{"line":54,"column":4},"end":{"line":54,"column":27}},"33":{"start":{"line":55,"column":4},"end":{"line":55,"column":41}},"34":{"start":{"line":57,"column":4},"end":{"line":57,"column":23}},"35":{"start":{"line":61,"column":20},"end":{"line":81,"column":1}},"36":{"start":{"line":62,"column":2},"end":{"line":80,"column":3}},"37":{"start":{"line":63,"column":23},"end":{"line":63,"column":55}},"38":{"start":{"line":64,"column":4},"end":{"line":77,"column":5}},"39":{"start":{"line":65,"column":19},"end":{"line":65,"column":49}},"40":{"start":{"line":66,"column":6},"end":{"line":68,"column":7}},"41":{"start":{"line":67,"column":8},"end":{"line":67,"column":76}},"42":{"start":{"line":69,"column":6},"end":{"line":74,"column":9}},"43":{"start":{"line":70,"column":8},"end":{"line":72,"column":9}},"44":{"start":{"line":71,"column":10},"end":{"line":71,"column":45}},"45":{"start":{"line":73,"column":8},"end":{"line":73,"column":77}},"46":{"start":{"line":76,"column":6},"end":{"line":76,"column":80}},"47":{"start":{"line":79,"column":4},"end":{"line":79,"column":23}},"48":{"start":{"line":83,"column":23},"end":{"line":116,"column":1}},"49":{"start":{"line":84,"column":2},"end":{"line":115,"column":3}},"50":{"start":{"line":85,"column":23},"end":{"line":85,"column":55}},"51":{"start":{"line":86,"column":4},"end":{"line":112,"column":5}},"52":{"start":{"line":87,"column":6},"end":{"line":89,"column":7}},"53":{"start":{"line":88,"column":8},"end":{"line":88,"column":88}},"54":{"start":{"line":90,"column":19},"end":{"line":90,"column":49}},"55":{"start":{"line":91,"column":6},"end":{"line":93,"column":7}},"56":{"start":{"line":92,"column":8},"end":{"line":92,"column":76}},"57":{"start":{"line":94,"column":6},"end":{"line":109,"column":9}},"58":{"start":{"line":95,"column":8},"end":{"line":107,"column":9}},"59":{"start":{"line":96,"column":10},"end":{"line":99,"column":11}},"60":{"start":{"line":97,"column":36},"end":{"line":97,"column":81}},"61":{"start":{"line":98,"column":12},"end":{"line":98,"column":48}},"62":{"start":{"line":100,"column":10},"end":{"line":102,"column":11}},"63":{"start":{"line":101,"column":12},"end":{"line":101,"column":81}},"64":{"start":{"line":103,"column":30},"end":{"line":105,"column":12}},"65":{"start":{"line":106,"column":10},"end":{"line":106,"column":52}},"66":{"start":{"line":108,"column":8},"end":{"line":108,"column":77}},"67":{"start":{"line":111,"column":6},"end":{"line":111,"column":73}},"68":{"start":{"line":114,"column":4},"end":{"line":114,"column":23}},"69":{"start":{"line":118,"column":23},"end":{"line":139,"column":1}},"70":{"start":{"line":119,"column":2},"end":{"line":138,"column":3}},"71":{"start":{"line":120,"column":23},"end":{"line":120,"column":55}},"72":{"start":{"line":121,"column":4},"end":{"line":135,"column":5}},"73":{"start":{"line":122,"column":19},"end":{"line":122,"column":49}},"74":{"start":{"line":123,"column":6},"end":{"line":125,"column":7}},"75":{"start":{"line":124,"column":8},"end":{"line":124,"column":76}},"76":{"start":{"line":126,"column":6},"end":{"line":132,"column":9}},"77":{"start":{"line":127,"column":8},"end":{"line":130,"column":9}},"78":{"start":{"line":128,"column":10},"end":{"line":128,"column":48}},"79":{"start":{"line":129,"column":10},"end":{"line":129,"column":45}},"80":{"start":{"line":131,"column":8},"end":{"line":131,"column":77}},"81":{"start":{"line":134,"column":6},"end":{"line":134,"column":80}},"82":{"start":{"line":137,"column":4},"end":{"line":137,"column":23}},"83":{"start":{"line":141,"column":0},"end":{"line":147,"column":2}}},"fnMap":{"0":{"name":"(anonymous_0)","decl":{"start":{"line":6,"column":15},"end":{"line":6,"column":16}},"loc":{"start":{"line":6,"column":42},"end":{"line":41,"column":1}},"line":6},"1":{"name":"(anonymous_1)","decl":{"start":{"line":31,"column":37},"end":{"line":31,"column":38}},"loc":{"start":{"line":31,"column":47},"end":{"line":31,"column":55}},"line":31},"2":{"name":"(anonymous_2)","decl":{"start":{"line":43,"column":17},"end":{"line":43,"column":18}},"loc":{"start":{"line":43,"column":44},"end":{"line":59,"column":1}},"line":43},"3":{"name":"(anonymous_3)","decl":{"start":{"line":61,"column":20},"end":{"line":61,"column":21}},"loc":{"start":{"line":61,"column":47},"end":{"line":81,"column":1}},"line":61},"4":{"name":"(anonymous_4)","decl":{"start":{"line":69,"column":27},"end":{"line":69,"column":28}},"loc":{"start":{"line":69,"column":44},"end":{"line":74,"column":7}},"line":69},"5":{"name":"(anonymous_5)","decl":{"start":{"line":83,"column":23},"end":{"line":83,"column":24}},"loc":{"start":{"line":83,"column":50},"end":{"line":116,"column":1}},"line":83},"6":{"name":"(anonymous_6)","decl":{"start":{"line":94,"column":27},"end":{"line":94,"column":28}},"loc":{"start":{"line":94,"column":44},"end":{"line":109,"column":7}},"line":94},"7":{"name":"(anonymous_7)","decl":{"start":{"line":118,"column":23},"end":{"line":118,"column":24}},"loc":{"start":{"line":118,"column":50},"end":{"line":139,"column":1}},"line":118},"8":{"name":"(anonymous_8)","decl":{"start":{"line":126,"column":27},"end":{"line":126,"column":28}},"loc":{"start":{"line":126,"column":44},"end":{"line":132,"column":7}},"line":126}},"branchMap":{"0":{"loc":{"start":{"line":13,"column":4},"end":{"line":15,"column":5}},"type":"if","locations":[{"start":{"line":13,"column":4},"end":{"line":15,"column":5}},{"start":{"line":13,"column":4},"end":{"line":15,"column":5}}],"line":13},"1":{"loc":{"start":{"line":13,"column":8},"end":{"line":13,"column":27}},"type":"binary-expr","locations":[{"start":{"line":13,"column":8},"end":{"line":13,"column":14}},{"start":{"line":13,"column":18},"end":{"line":13,"column":27}}],"line":13},"2":{"loc":{"start":{"line":16,"column":4},"end":{"line":18,"column":5}},"type":"if","locations":[{"start":{"line":16,"column":4},"end":{"line":18,"column":5}},{"start":{"line":16,"column":4},"end":{"line":18,"column":5}}],"line":16},"3":{"loc":{"start":{"line":18,"column":6},"end":{"line":20,"column":5}},"type":"if","locations":[{"start":{"line":18,"column":6},"end":{"line":20,"column":5}},{"start":{"line":18,"column":6},"end":{"line":20,"column":5}}],"line":18},"4":{"loc":{"start":{"line":22,"column":4},"end":{"line":24,"column":5}},"type":"if","locations":[{"start":{"line":22,"column":4},"end":{"line":24,"column":5}},{"start":{"line":22,"column":4},"end":{"line":24,"column":5}}],"line":22},"5":{"loc":{"start":{"line":29,"column":4},"end":{"line":35,"column":5}},"type":"if","locations":[{"start":{"line":29,"column":4},"end":{"line":35,"column":5}},{"start":{"line":29,"column":4},"end":{"line":35,"column":5}}],"line":29},"6":{"loc":{"start":{"line":45,"column":18},"end":{"line":45,"column":53}},"type":"binary-expr","locations":[{"start":{"line":45,"column":18},"end":{"line":45,"column":47}},{"start":{"line":45,"column":51},"end":{"line":45,"column":53}}],"line":45},"7":{"loc":{"start":{"line":46,"column":17},"end":{"line":46,"column":50}},"type":"binary-expr","locations":[{"start":{"line":46,"column":17},"end":{"line":46,"column":45}},{"start":{"line":46,"column":49},"end":{"line":46,"column":50}}],"line":46},"8":{"loc":{"start":{"line":50,"column":12},"end":{"line":50,"column":107}},"type":"cond-expr","locations":[{"start":{"line":50,"column":35},"end":{"line":50,"column":99}},{"start":{"line":50,"column":102},"end":{"line":50,"column":107}}],"line":50},"9":{"loc":{"start":{"line":51,"column":12},"end":{"line":51,"column":107}},"type":"cond-expr","locations":[{"start":{"line":51,"column":35},"end":{"line":51,"column":99}},{"start":{"line":51,"column":102},"end":{"line":51,"column":107}}],"line":51},"10":{"loc":{"start":{"line":52,"column":12},"end":{"line":52,"column":117}},"type":"cond-expr","locations":[{"start":{"line":52,"column":34},"end":{"line":52,"column":109}},{"start":{"line":52,"column":112},"end":{"line":52,"column":117}}],"line":52},"11":{"loc":{"start":{"line":64,"column":4},"end":{"line":77,"column":5}},"type":"if","locations":[{"start":{"line":64,"column":4},"end":{"line":77,"column":5}},{"start":{"line":64,"column":4},"end":{"line":77,"column":5}}],"line":64},"12":{"loc":{"start":{"line":66,"column":6},"end":{"line":68,"column":7}},"type":"if","locations":[{"start":{"line":66,"column":6},"end":{"line":68,"column":7}},{"start":{"line":66,"column":6},"end":{"line":68,"column":7}}],"line":66},"13":{"loc":{"start":{"line":70,"column":8},"end":{"line":72,"column":9}},"type":"if","locations":[{"start":{"line":70,"column":8},"end":{"line":72,"column":9}},{"start":{"line":70,"column":8},"end":{"line":72,"column":9}}],"line":70},"14":{"loc":{"start":{"line":70,"column":12},"end":{"line":70,"column":56}},"type":"binary-expr","locations":[{"start":{"line":70,"column":13},"end":{"line":70,"column":27}},{"start":{"line":70,"column":33},"end":{"line":70,"column":55}}],"line":70},"15":{"loc":{"start":{"line":86,"column":4},"end":{"line":112,"column":5}},"type":"if","locations":[{"start":{"line":86,"column":4},"end":{"line":112,"column":5}},{"start":{"line":86,"column":4},"end":{"line":112,"column":5}}],"line":86},"16":{"loc":{"start":{"line":87,"column":6},"end":{"line":89,"column":7}},"type":"if","locations":[{"start":{"line":87,"column":6},"end":{"line":89,"column":7}},{"start":{"line":87,"column":6},"end":{"line":89,"column":7}}],"line":87},"17":{"loc":{"start":{"line":87,"column":10},"end":{"line":87,"column":99}},"type":"binary-expr","locations":[{"start":{"line":87,"column":11},"end":{"line":87,"column":45}},{"start":{"line":87,"column":50},"end":{"line":87,"column":71}},{"start":{"line":87,"column":75},"end":{"line":87,"column":99}}],"line":87},"18":{"loc":{"start":{"line":91,"column":6},"end":{"line":93,"column":7}},"type":"if","locations":[{"start":{"line":91,"column":6},"end":{"line":93,"column":7}},{"start":{"line":91,"column":6},"end":{"line":93,"column":7}}],"line":91},"19":{"loc":{"start":{"line":95,"column":8},"end":{"line":107,"column":9}},"type":"if","locations":[{"start":{"line":95,"column":8},"end":{"line":107,"column":9}},{"start":{"line":95,"column":8},"end":{"line":107,"column":9}}],"line":95},"20":{"loc":{"start":{"line":95,"column":12},"end":{"line":95,"column":56}},"type":"binary-expr","locations":[{"start":{"line":95,"column":13},"end":{"line":95,"column":27}},{"start":{"line":95,"column":33},"end":{"line":95,"column":55}}],"line":95},"21":{"loc":{"start":{"line":96,"column":10},"end":{"line":99,"column":11}},"type":"if","locations":[{"start":{"line":96,"column":10},"end":{"line":99,"column":11}},{"start":{"line":96,"column":10},"end":{"line":99,"column":11}}],"line":96},"22":{"loc":{"start":{"line":100,"column":10},"end":{"line":102,"column":11}},"type":"if","locations":[{"start":{"line":100,"column":10},"end":{"line":102,"column":11}},{"start":{"line":100,"column":10},"end":{"line":102,"column":11}}],"line":100},"23":{"loc":{"start":{"line":100,"column":14},"end":{"line":100,"column":47}},"type":"binary-expr","locations":[{"start":{"line":100,"column":14},"end":{"line":100,"column":29}},{"start":{"line":100,"column":33},"end":{"line":100,"column":47}}],"line":100},"24":{"loc":{"start":{"line":121,"column":4},"end":{"line":135,"column":5}},"type":"if","locations":[{"start":{"line":121,"column":4},"end":{"line":135,"column":5}},{"start":{"line":121,"column":4},"end":{"line":135,"column":5}}],"line":121},"25":{"loc":{"start":{"line":123,"column":6},"end":{"line":125,"column":7}},"type":"if","locations":[{"start":{"line":123,"column":6},"end":{"line":125,"column":7}},{"start":{"line":123,"column":6},"end":{"line":125,"column":7}}],"line":123},"26":{"loc":{"start":{"line":127,"column":8},"end":{"line":130,"column":9}},"type":"if","locations":[{"start":{"line":127,"column":8},"end":{"line":130,"column":9}},{"start":{"line":127,"column":8},"end":{"line":130,"column":9}}],"line":127},"27":{"loc":{"start":{"line":127,"column":12},"end":{"line":127,"column":56}},"type":"binary-expr","locations":[{"start":{"line":127,"column":13},"end":{"line":127,"column":27}},{"start":{"line":127,"column":33},"end":{"line":127,"column":55}}],"line":127}},"s":{"0":4,"1":4,"2":4,"3":4,"4":4,"5":8,"6":8,"7":8,"8":1,"9":7,"10":1,"11":6,"12":1,"13":5,"14":5,"15":4,"16":1,"17":1,"18":0,"19":0,"20":0,"21":1,"22":1,"23":1,"24":1,"25":0,"26":4,"27":1,"28":1,"29":1,"30":1,"31":1,"32":1,"33":1,"34":0,"35":4,"36":4,"37":4,"38":4,"39":3,"40":3,"41":1,"42":2,"43":2,"44":1,"45":1,"46":1,"47":0,"48":4,"49":7,"50":7,"51":7,"52":6,"53":1,"54":5,"55":5,"56":1,"57":4,"58":4,"59":3,"60":1,"61":1,"62":3,"63":1,"64":2,"65":2,"66":1,"67":1,"68":0,"69":4,"70":4,"71":4,"72":4,"73":3,"74":3,"75":1,"76":2,"77":2,"78":1,"79":1,"80":1,"81":1,"82":0,"83":4},"f":{"0":8,"1":0,"2":1,"3":4,"4":2,"5":7,"6":4,"7":4,"8":2},"b":{"0":[1,7],"1":[8,8],"2":[1,6],"3":[1,5],"4":[4,1],"5":[0,1],"6":[1,1],"7":[1,1],"8":[0,1],"9":[1,0],"10":[1,0],"11":[3,1],"12":[1,2],"13":[1,1],"14":[2,1],"15":[6,1],"16":[1,5],"17":[6,5,5],"18":[1,4],"19":[3,1],"20":[4,2],"21":[1,2],"22":[1,2],"23":[3,1],"24":[3,1],"25":[1,2],"26":[1,1],"27":[2,1]},"_coverageSchema":"1a1c01bbd47fc00a2c39e90264f33305004495a9","hash":"e4f3282cef1e5d281abd066e9759a2bb1b9dfe02"}
,"C:\\Users\\user\\Desktop\\LABORATORIA\\LIM015-burger-queen-api\\src\\libs\\initialSetup.js": {"path":"C:\\Users\\user\\Desktop\\LABORATORIA\\LIM015-burger-queen-api\\src\\libs\\initialSetup.js","statementMap":{"0":{"start":{"line":1,"column":13},"end":{"line":1,"column":39}},"1":{"start":{"line":3,"column":20},"end":{"line":14,"column":1}},"2":{"start":{"line":4,"column":2},"end":{"line":13,"column":3}},"3":{"start":{"line":5,"column":18},"end":{"line":5,"column":53}},"4":{"start":{"line":6,"column":4},"end":{"line":6,"column":26}},"5":{"start":{"line":6,"column":19},"end":{"line":6,"column":26}},"6":{"start":{"line":7,"column":4},"end":{"line":10,"column":7}},"7":{"start":{"line":12,"column":4},"end":{"line":12,"column":25}},"8":{"start":{"line":16,"column":0},"end":{"line":16,"column":33}}},"fnMap":{"0":{"name":"(anonymous_0)","decl":{"start":{"line":3,"column":20},"end":{"line":3,"column":21}},"loc":{"start":{"line":3,"column":32},"end":{"line":14,"column":1}},"line":3}},"branchMap":{"0":{"loc":{"start":{"line":6,"column":4},"end":{"line":6,"column":26}},"type":"if","locations":[{"start":{"line":6,"column":4},"end":{"line":6,"column":26}},{"start":{"line":6,"column":4},"end":{"line":6,"column":26}}],"line":6}},"s":{"0":4,"1":4,"2":4,"3":4,"4":4,"5":4,"6":0,"7":0,"8":4},"f":{"0":4},"b":{"0":[4,0]},"_coverageSchema":"1a1c01bbd47fc00a2c39e90264f33305004495a9","hash":"68a89122c57b569d4de7bd33a05770aaabf585c9"}
,"C:\\Users\\user\\Desktop\\LABORATORIA\\LIM015-burger-queen-api\\src\\middleware\\auth.js": {"path":"C:\\Users\\user\\Desktop\\LABORATORIA\\LIM015-burger-queen-api\\src\\middleware\\auth.js","statementMap":{"0":{"start":{"line":1,"column":12},"end":{"line":1,"column":35}},"1":{"start":{"line":2,"column":19},"end":{"line":2,"column":39}},"2":{"start":{"line":3,"column":13},"end":{"line":3,"column":39}},"3":{"start":{"line":4,"column":13},"end":{"line":4,"column":39}},"4":{"start":{"line":6,"column":22},"end":{"line":19,"column":1}},"5":{"start":{"line":7,"column":2},"end":{"line":18,"column":3}},"6":{"start":{"line":8,"column":22},"end":{"line":8,"column":33}},"7":{"start":{"line":9,"column":4},"end":{"line":11,"column":5}},"8":{"start":{"line":10,"column":6},"end":{"line":10,"column":69}},"9":{"start":{"line":13,"column":20},"end":{"line":13,"column":45}},"10":{"start":{"line":14,"column":4},"end":{"line":14,"column":28}},"11":{"start":{"line":15,"column":4},"end":{"line":15,"column":11}},"12":{"start":{"line":17,"column":4},"end":{"line":17,"column":63}},"13":{"start":{"line":21,"column":16},"end":{"line":35,"column":1}},"14":{"start":{"line":22,"column":2},"end":{"line":34,"column":3}},"15":{"start":{"line":23,"column":17},"end":{"line":23,"column":48}},"16":{"start":{"line":24,"column":18},"end":{"line":24,"column":63}},"17":{"start":{"line":25,"column":4},"end":{"line":31,"column":7}},"18":{"start":{"line":26,"column":6},"end":{"line":30,"column":7}},"19":{"start":{"line":27,"column":8},"end":{"line":27,"column":15}},"20":{"start":{"line":29,"column":8},"end":{"line":29,"column":70}},"21":{"start":{"line":33,"column":4},"end":{"line":33,"column":23}},"22":{"start":{"line":37,"column":19},"end":{"line":49,"column":1}},"23":{"start":{"line":38,"column":15},"end":{"line":38,"column":46}},"24":{"start":{"line":39,"column":16},"end":{"line":39,"column":61}},"25":{"start":{"line":40,"column":14},"end":{"line":40,"column":19}},"26":{"start":{"line":41,"column":2},"end":{"line":47,"column":5}},"27":{"start":{"line":42,"column":4},"end":{"line":46,"column":5}},"28":{"start":{"line":43,"column":6},"end":{"line":43,"column":19}},"29":{"start":{"line":45,"column":6},"end":{"line":45,"column":20}},"30":{"start":{"line":48,"column":2},"end":{"line":48,"column":15}},"31":{"start":{"line":51,"column":0},"end":{"line":51,"column":56}}},"fnMap":{"0":{"name":"(anonymous_0)","decl":{"start":{"line":6,"column":22},"end":{"line":6,"column":23}},"loc":{"start":{"line":6,"column":49},"end":{"line":19,"column":1}},"line":6},"1":{"name":"(anonymous_1)","decl":{"start":{"line":21,"column":16},"end":{"line":21,"column":17}},"loc":{"start":{"line":21,"column":43},"end":{"line":35,"column":1}},"line":21},"2":{"name":"(anonymous_2)","decl":{"start":{"line":25,"column":18},"end":{"line":25,"column":19}},"loc":{"start":{"line":25,"column":28},"end":{"line":31,"column":5}},"line":25},"3":{"name":"(anonymous_3)","decl":{"start":{"line":37,"column":19},"end":{"line":37,"column":20}},"loc":{"start":{"line":37,"column":34},"end":{"line":49,"column":1}},"line":37},"4":{"name":"(anonymous_4)","decl":{"start":{"line":41,"column":16},"end":{"line":41,"column":17}},"loc":{"start":{"line":41,"column":26},"end":{"line":47,"column":3}},"line":41}},"branchMap":{"0":{"loc":{"start":{"line":9,"column":4},"end":{"line":11,"column":5}},"type":"if","locations":[{"start":{"line":9,"column":4},"end":{"line":11,"column":5}},{"start":{"line":9,"column":4},"end":{"line":11,"column":5}}],"line":9},"1":{"loc":{"start":{"line":26,"column":6},"end":{"line":30,"column":7}},"type":"if","locations":[{"start":{"line":26,"column":6},"end":{"line":30,"column":7}},{"start":{"line":26,"column":6},"end":{"line":30,"column":7}}],"line":26},"2":{"loc":{"start":{"line":42,"column":4},"end":{"line":46,"column":5}},"type":"if","locations":[{"start":{"line":42,"column":4},"end":{"line":46,"column":5}},{"start":{"line":42,"column":4},"end":{"line":46,"column":5}}],"line":42}},"s":{"0":4,"1":4,"2":4,"3":4,"4":4,"5":78,"6":78,"7":78,"8":15,"9":63,"10":62,"11":62,"12":1,"13":4,"14":27,"15":27,"16":27,"17":27,"18":27,"19":22,"20":5,"21":0,"22":4,"23":8,"24":8,"25":8,"26":8,"27":8,"28":4,"29":4,"30":8,"31":4},"f":{"0":78,"1":27,"2":27,"3":8,"4":8},"b":{"0":[15,63],"1":[22,5],"2":[4,4]},"_coverageSchema":"1a1c01bbd47fc00a2c39e90264f33305004495a9","hash":"744c05e1c1cab42d9dcc304275712306927e2f27"}
,"C:\\Users\\user\\Desktop\\LABORATORIA\\LIM015-burger-queen-api\\src\\middleware\\error.js": {"path":"C:\\Users\\user\\Desktop\\LABORATORIA\\LIM015-burger-queen-api\\src\\middleware\\error.js","statementMap":{"0":{"start":{"line":1,"column":19},"end":{"line":7,"column":1}}},"fnMap":{},"branchMap":{},"s":{"0":4},"f":{},"b":{},"_coverageSchema":"1a1c01bbd47fc00a2c39e90264f33305004495a9","hash":"6a2ca3f6dd9ca529a29430b59358bbdc15b6a8d9"}
,"C:\\Users\\user\\Desktop\\LABORATORIA\\LIM015-burger-queen-api\\src\\models\\Orders.js": {"path":"C:\\Users\\user\\Desktop\\LABORATORIA\\LIM015-burger-queen-api\\src\\models\\Orders.js","statementMap":{"0":{"start":{"line":1,"column":17},"end":{"line":1,"column":36}},"1":{"start":{"line":3,"column":19},"end":{"line":3,"column":27}},"2":{"start":{"line":4,"column":25},"end":{"line":4,"column":56}},"3":{"start":{"line":6,"column":20},"end":{"line":40,"column":2}},"4":{"start":{"line":42,"column":0},"end":{"line":42,"column":37}},"5":{"start":{"line":44,"column":0},"end":{"line":44,"column":54}}},"fnMap":{},"branchMap":{},"s":{"0":4,"1":4,"2":4,"3":4,"4":4,"5":4},"f":{},"b":{},"_coverageSchema":"1a1c01bbd47fc00a2c39e90264f33305004495a9","hash":"1bda9b44118e345c1834d5d173048f867bd9a3ad"}
,"C:\\Users\\user\\Desktop\\LABORATORIA\\LIM015-burger-queen-api\\src\\models\\Products.js": {"path":"C:\\Users\\user\\Desktop\\LABORATORIA\\LIM015-burger-queen-api\\src\\models\\Products.js","statementMap":{"0":{"start":{"line":3,"column":17},"end":{"line":3,"column":36}},"1":{"start":{"line":4,"column":25},"end":{"line":4,"column":56}},"2":{"start":{"line":6,"column":19},"end":{"line":6,"column":27}},"3":{"start":{"line":8,"column":22},"end":{"line":27,"column":2}},"4":{"start":{"line":29,"column":0},"end":{"line":29,"column":39}},"5":{"start":{"line":31,"column":0},"end":{"line":31,"column":58}}},"fnMap":{},"branchMap":{},"s":{"0":4,"1":4,"2":4,"3":4,"4":4,"5":4},"f":{},"b":{},"_coverageSchema":"1a1c01bbd47fc00a2c39e90264f33305004495a9","hash":"77eec8b3fba284f9757ee304da3c5a5b5afbd1a3"}
,"C:\\Users\\user\\Desktop\\LABORATORIA\\LIM015-burger-queen-api\\src\\models\\Roles.js": {"path":"C:\\Users\\user\\Desktop\\LABORATORIA\\LIM015-burger-queen-api\\src\\models\\Roles.js","statementMap":{"0":{"start":{"line":1,"column":17},"end":{"line":1,"column":36}},"1":{"start":{"line":3,"column":19},"end":{"line":3,"column":27}},"2":{"start":{"line":5,"column":19},"end":{"line":12,"column":1}},"3":{"start":{"line":14,"column":0},"end":{"line":14,"column":52}}},"fnMap":{},"branchMap":{},"s":{"0":4,"1":4,"2":4,"3":4},"f":{},"b":{},"_coverageSchema":"1a1c01bbd47fc00a2c39e90264f33305004495a9","hash":"6b3ad05c15f48fe2f3c10d33f0514311cc8e7b2f"}
,"C:\\Users\\user\\Desktop\\LABORATORIA\\LIM015-burger-queen-api\\src\\models\\Users.js": {"path":"C:\\Users\\user\\Desktop\\LABORATORIA\\LIM015-burger-queen-api\\src\\models\\Users.js","statementMap":{"0":{"start":{"line":1,"column":17},"end":{"line":1,"column":36}},"1":{"start":{"line":2,"column":15},"end":{"line":2,"column":32}},"2":{"start":{"line":3,"column":25},"end":{"line":3,"column":56}},"3":{"start":{"line":5,"column":19},"end":{"line":5,"column":27}},"4":{"start":{"line":7,"column":19},"end":{"line":25,"column":2}},"5":{"start":{"line":27,"column":0},"end":{"line":31,"column":2}},"6":{"start":{"line":28,"column":15},"end":{"line":28,"column":39}},"7":{"start":{"line":29,"column":28},"end":{"line":29,"column":61}},"8":{"start":{"line":30,"column":2},"end":{"line":30,"column":27}},"9":{"start":{"line":33,"column":0},"end":{"line":36,"column":2}},"10":{"start":{"line":34,"column":27},"end":{"line":34,"column":75}},"11":{"start":{"line":35,"column":2},"end":{"line":35,"column":26}},"12":{"start":{"line":38,"column":0},"end":{"line":38,"column":36}},"13":{"start":{"line":40,"column":0},"end":{"line":40,"column":52}}},"fnMap":{"0":{"name":"(anonymous_0)","decl":{"start":{"line":27,"column":37},"end":{"line":27,"column":38}},"loc":{"start":{"line":27,"column":57},"end":{"line":31,"column":1}},"line":27},"1":{"name":"(anonymous_1)","decl":{"start":{"line":33,"column":37},"end":{"line":33,"column":38}},"loc":{"start":{"line":33,"column":75},"end":{"line":36,"column":1}},"line":33}},"branchMap":{},"s":{"0":4,"1":4,"2":4,"3":4,"4":4,"5":4,"6":2,"7":2,"8":2,"9":4,"10":58,"11":58,"12":4,"13":4},"f":{"0":2,"1":58},"b":{},"_coverageSchema":"1a1c01bbd47fc00a2c39e90264f33305004495a9","hash":"ee5e9ec74554ee0a80f3cefe91797f0ecda439f9"}
,"C:\\Users\\user\\Desktop\\LABORATORIA\\LIM015-burger-queen-api\\src\\routes\\auth.js": {"path":"C:\\Users\\user\\Desktop\\LABORATORIA\\LIM015-burger-queen-api\\src\\routes\\auth.js","statementMap":{"0":{"start":{"line":1,"column":17},"end":{"line":1,"column":46}},"1":{"start":{"line":4,"column":0},"end":{"line":19,"column":2}},"2":{"start":{"line":17,"column":2},"end":{"line":17,"column":26}},"3":{"start":{"line":18,"column":2},"end":{"line":18,"column":20}}},"fnMap":{"0":{"name":"(anonymous_0)","decl":{"start":{"line":4,"column":17},"end":{"line":4,"column":18}},"loc":{"start":{"line":4,"column":36},"end":{"line":19,"column":1}},"line":4}},"branchMap":{},"s":{"0":4,"1":4,"2":4,"3":4},"f":{"0":4},"b":{},"_coverageSchema":"1a1c01bbd47fc00a2c39e90264f33305004495a9","hash":"be7ea3246b1df4cab63e55bfdc75ad044d7abf92"}
,"C:\\Users\\user\\Desktop\\LABORATORIA\\LIM015-burger-queen-api\\src\\routes\\index.js": {"path":"C:\\Users\\user\\Desktop\\LABORATORIA\\LIM015-burger-queen-api\\src\\routes\\index.js","statementMap":{"0":{"start":{"line":1,"column":13},"end":{"line":1,"column":30}},"1":{"start":{"line":2,"column":14},"end":{"line":2,"column":32}},"2":{"start":{"line":3,"column":17},"end":{"line":3,"column":38}},"3":{"start":{"line":4,"column":15},"end":{"line":4,"column":34}},"4":{"start":{"line":6,"column":13},"end":{"line":11,"column":1}},"5":{"start":{"line":7,"column":14},"end":{"line":7,"column":28}},"6":{"start":{"line":8,"column":2},"end":{"line":8,"column":81}},"7":{"start":{"line":8,"column":29},"end":{"line":8,"column":79}},"8":{"start":{"line":9,"column":2},"end":{"line":9,"column":53}},"9":{"start":{"line":9,"column":39},"end":{"line":9,"column":51}},"10":{"start":{"line":10,"column":2},"end":{"line":10,"column":16}},"11":{"start":{"line":14,"column":17},"end":{"line":25,"column":1}},"12":{"start":{"line":15,"column":2},"end":{"line":17,"column":3}},"13":{"start":{"line":16,"column":4},"end":{"line":16,"column":16}},"14":{"start":{"line":19,"column":2},"end":{"line":24,"column":5}},"15":{"start":{"line":20,"column":4},"end":{"line":22,"column":5}},"16":{"start":{"line":21,"column":6},"end":{"line":21,"column":21}},"17":{"start":{"line":23,"column":4},"end":{"line":23,"column":46}},"18":{"start":{"line":27,"column":0},"end":{"line":33,"column":9}},"19":{"start":{"line":27,"column":32},"end":{"line":33,"column":8}}},"fnMap":{"0":{"name":"(anonymous_0)","decl":{"start":{"line":6,"column":13},"end":{"line":6,"column":14}},"loc":{"start":{"line":6,"column":28},"end":{"line":11,"column":1}},"line":6},"1":{"name":"(anonymous_1)","decl":{"start":{"line":8,"column":15},"end":{"line":8,"column":16}},"loc":{"start":{"line":8,"column":29},"end":{"line":8,"column":79}},"line":8},"2":{"name":"(anonymous_2)","decl":{"start":{"line":9,"column":15},"end":{"line":9,"column":16}},"loc":{"start":{"line":9,"column":39},"end":{"line":9,"column":51}},"line":9},"3":{"name":"(anonymous_3)","decl":{"start":{"line":14,"column":17},"end":{"line":14,"column":18}},"loc":{"start":{"line":14,"column":38},"end":{"line":25,"column":1}},"line":14},"4":{"name":"(anonymous_4)","decl":{"start":{"line":19,"column":17},"end":{"line":19,"column":18}},"loc":{"start":{"line":19,"column":26},"end":{"line":24,"column":3}},"line":19},"5":{"name":"(anonymous_5)","decl":{"start":{"line":27,"column":17},"end":{"line":27,"column":18}},"loc":{"start":{"line":27,"column":32},"end":{"line":33,"column":8}},"line":27}},"branchMap":{"0":{"loc":{"start":{"line":15,"column":2},"end":{"line":17,"column":3}},"type":"if","locations":[{"start":{"line":15,"column":2},"end":{"line":17,"column":3}},{"start":{"line":15,"column":2},"end":{"line":17,"column":3}}],"line":15},"1":{"loc":{"start":{"line":20,"column":4},"end":{"line":22,"column":5}},"type":"if","locations":[{"start":{"line":20,"column":4},"end":{"line":22,"column":5}},{"start":{"line":20,"column":4},"end":{"line":22,"column":5}}],"line":20}},"s":{"0":4,"1":4,"2":4,"3":4,"4":4,"5":4,"6":4,"7":0,"8":4,"9":0,"10":4,"11":4,"12":24,"13":4,"14":20,"15":24,"16":4,"17":20,"18":4,"19":4},"f":{"0":4,"1":0,"2":0,"3":24,"4":24,"5":4},"b":{"0":[4,20],"1":[4,20]},"_coverageSchema":"1a1c01bbd47fc00a2c39e90264f33305004495a9","hash":"51dd140fb9fc762c32d25a3e7eab2fb61a1b0994"}
,"C:\\Users\\user\\Desktop\\LABORATORIA\\LIM015-burger-queen-api\\src\\routes\\orders.js": {"path":"C:\\Users\\user\\Desktop\\LABORATORIA\\LIM015-burger-queen-api\\src\\routes\\orders.js","statementMap":{"0":{"start":{"line":7,"column":4},"end":{"line":7,"column":35}},"1":{"start":{"line":8,"column":26},"end":{"line":8,"column":55}},"2":{"start":{"line":11,"column":0},"end":{"line":145,"column":2}},"3":{"start":{"line":38,"column":2},"end":{"line":38,"column":47}},"4":{"start":{"line":61,"column":2},"end":{"line":61,"column":59}},"5":{"start":{"line":89,"column":2},"end":{"line":89,"column":50}},"6":{"start":{"line":119,"column":2},"end":{"line":119,"column":62}},"7":{"start":{"line":142,"column":2},"end":{"line":142,"column":65}},"8":{"start":{"line":144,"column":2},"end":{"line":144,"column":13}}},"fnMap":{"0":{"name":"(anonymous_0)","decl":{"start":{"line":11,"column":17},"end":{"line":11,"column":18}},"loc":{"start":{"line":11,"column":36},"end":{"line":145,"column":1}},"line":11}},"branchMap":{},"s":{"0":4,"1":4,"2":4,"3":4,"4":4,"5":4,"6":4,"7":4,"8":4},"f":{"0":4},"b":{},"_coverageSchema":"1a1c01bbd47fc00a2c39e90264f33305004495a9","hash":"bc269e8317611284c295e8b594768a3771165302"}
,"C:\\Users\\user\\Desktop\\LABORATORIA\\LIM015-burger-queen-api\\src\\routes\\products.js": {"path":"C:\\Users\\user\\Desktop\\LABORATORIA\\LIM015-burger-queen-api\\src\\routes\\products.js","statementMap":{"0":{"start":{"line":7,"column":4},"end":{"line":7,"column":37}},"1":{"start":{"line":8,"column":35},"end":{"line":8,"column":64}},"2":{"start":{"line":12,"column":0},"end":{"line":126,"column":2}},"3":{"start":{"line":35,"column":2},"end":{"line":35,"column":51}},"4":{"start":{"line":54,"column":2},"end":{"line":54,"column":65}},"5":{"start":{"line":78,"column":2},"end":{"line":78,"column":63}},"6":{"start":{"line":103,"column":2},"end":{"line":103,"column":77}},"7":{"start":{"line":123,"column":2},"end":{"line":123,"column":80}},"8":{"start":{"line":125,"column":2},"end":{"line":125,"column":13}}},"fnMap":{"0":{"name":"(anonymous_0)","decl":{"start":{"line":12,"column":17},"end":{"line":12,"column":18}},"loc":{"start":{"line":12,"column":36},"end":{"line":126,"column":1}},"line":12}},"branchMap":{},"s":{"0":4,"1":4,"2":4,"3":4,"4":4,"5":4,"6":4,"7":4,"8":4},"f":{"0":4},"b":{},"_coverageSchema":"1a1c01bbd47fc00a2c39e90264f33305004495a9","hash":"79d879e7c5d1667de2a86dfaa89c3c295dcf0da6"}
,"C:\\Users\\user\\Desktop\\LABORATORIA\\LIM015-burger-queen-api\\src\\routes\\users.js": {"path":"C:\\Users\\user\\Desktop\\LABORATORIA\\LIM015-burger-queen-api\\src\\routes\\users.js","statementMap":{"0":{"start":{"line":2,"column":15},"end":{"line":2,"column":32}},"1":{"start":{"line":3,"column":13},"end":{"line":3,"column":39}},"2":{"start":{"line":4,"column":13},"end":{"line":4,"column":39}},"3":{"start":{"line":11,"column":4},"end":{"line":11,"column":34}},"4":{"start":{"line":12,"column":35},"end":{"line":12,"column":64}},"5":{"start":{"line":84,"column":0},"end":{"line":192,"column":2}},"6":{"start":{"line":107,"column":2},"end":{"line":107,"column":54}},"7":{"start":{"line":125,"column":2},"end":{"line":125,"column":53}},"8":{"start":{"line":146,"column":2},"end":{"line":146,"column":53}},"9":{"start":{"line":171,"column":2},"end":{"line":171,"column":56}},"10":{"start":{"line":189,"column":2},"end":{"line":189,"column":59}},"11":{"start":{"line":191,"column":2},"end":{"line":191,"column":27}}},"fnMap":{"0":{"name":"(anonymous_0)","decl":{"start":{"line":84,"column":17},"end":{"line":84,"column":18}},"loc":{"start":{"line":84,"column":32},"end":{"line":192,"column":1}},"line":84}},"branchMap":{},"s":{"0":4,"1":4,"2":4,"3":4,"4":4,"5":4,"6":4,"7":4,"8":4,"9":4,"10":4,"11":4},"f":{"0":4},"b":{},"_coverageSchema":"1a1c01bbd47fc00a2c39e90264f33305004495a9","hash":"0e8df4ddb190bc2bfdd50b1e3e15620c0c2269b1"}
,"C:\\Users\\user\\Desktop\\LABORATORIA\\LIM015-burger-queen-api\\src\\utils\\utils.js": {"path":"C:\\Users\\user\\Desktop\\LABORATORIA\\LIM015-burger-queen-api\\src\\utils\\utils.js","statementMap":{"0":{"start":{"line":1,"column":25},"end":{"line":11,"column":1}},"1":{"start":{"line":2,"column":22},"end":{"line":2,"column":77}},"2":{"start":{"line":3,"column":18},"end":{"line":3,"column":49}},"3":{"start":{"line":4,"column":2},"end":{"line":6,"column":3}},"4":{"start":{"line":5,"column":4},"end":{"line":5,"column":32}},"5":{"start":{"line":7,"column":2},"end":{"line":9,"column":3}},"6":{"start":{"line":8,"column":4},"end":{"line":8,"column":30}},"7":{"start":{"line":10,"column":2},"end":{"line":10,"column":15}},"8":{"start":{"line":13,"column":20},"end":{"line":19,"column":1}},"9":{"start":{"line":14,"column":22},"end":{"line":14,"column":77}},"10":{"start":{"line":15,"column":2},"end":{"line":17,"column":3}},"11":{"start":{"line":16,"column":4},"end":{"line":16,"column":16}},"12":{"start":{"line":18,"column":2},"end":{"line":18,"column":15}},"13":{"start":{"line":21,"column":23},"end":{"line":27,"column":1}},"14":{"start":{"line":22,"column":21},"end":{"line":22,"column":64}},"15":{"start":{"line":23,"column":2},"end":{"line":25,"column":3}},"16":{"start":{"line":24,"column":4},"end":{"line":24,"column":16}},"17":{"start":{"line":26,"column":2},"end":{"line":26,"column":15}},"18":{"start":{"line":29,"column":17},"end":{"line":35,"column":1}},"19":{"start":{"line":30,"column":18},"end":{"line":30,"column":49}},"20":{"start":{"line":31,"column":2},"end":{"line":33,"column":3}},"21":{"start":{"line":32,"column":4},"end":{"line":32,"column":16}},"22":{"start":{"line":34,"column":2},"end":{"line":34,"column":15}},"23":{"start":{"line":37,"column":0},"end":{"line":42,"column":2}}},"fnMap":{"0":{"name":"(anonymous_0)","decl":{"start":{"line":1,"column":25},"end":{"line":1,"column":26}},"loc":{"start":{"line":1,"column":40},"end":{"line":11,"column":1}},"line":1},"1":{"name":"(anonymous_1)","decl":{"start":{"line":13,"column":20},"end":{"line":13,"column":21}},"loc":{"start":{"line":13,"column":31},"end":{"line":19,"column":1}},"line":13},"2":{"name":"(anonymous_2)","decl":{"start":{"line":21,"column":23},"end":{"line":21,"column":24}},"loc":{"start":{"line":21,"column":37},"end":{"line":27,"column":1}},"line":21},"3":{"name":"(anonymous_3)","decl":{"start":{"line":29,"column":17},"end":{"line":29,"column":18}},"loc":{"start":{"line":29,"column":25},"end":{"line":35,"column":1}},"line":29}},"branchMap":{"0":{"loc":{"start":{"line":4,"column":2},"end":{"line":6,"column":3}},"type":"if","locations":[{"start":{"line":4,"column":2},"end":{"line":6,"column":3}},{"start":{"line":4,"column":2},"end":{"line":6,"column":3}}],"line":4},"1":{"loc":{"start":{"line":7,"column":2},"end":{"line":9,"column":3}},"type":"if","locations":[{"start":{"line":7,"column":2},"end":{"line":9,"column":3}},{"start":{"line":7,"column":2},"end":{"line":9,"column":3}}],"line":7},"2":{"loc":{"start":{"line":15,"column":2},"end":{"line":17,"column":3}},"type":"if","locations":[{"start":{"line":15,"column":2},"end":{"line":17,"column":3}},{"start":{"line":15,"column":2},"end":{"line":17,"column":3}}],"line":15},"3":{"loc":{"start":{"line":23,"column":2},"end":{"line":25,"column":3}},"type":"if","locations":[{"start":{"line":23,"column":2},"end":{"line":25,"column":3}},{"start":{"line":23,"column":2},"end":{"line":25,"column":3}}],"line":23},"4":{"loc":{"start":{"line":31,"column":2},"end":{"line":33,"column":3}},"type":"if","locations":[{"start":{"line":31,"column":2},"end":{"line":33,"column":3}},{"start":{"line":31,"column":2},"end":{"line":33,"column":3}}],"line":31}},"s":{"0":4,"1":15,"2":15,"3":15,"4":7,"5":8,"6":5,"7":3,"8":4,"9":7,"10":7,"11":6,"12":1,"13":4,"14":6,"15":6,"16":5,"17":1,"18":4,"19":21,"20":21,"21":15,"22":6,"23":4},"f":{"0":15,"1":7,"2":6,"3":21},"b":{"0":[7,8],"1":[5,3],"2":[6,1],"3":[5,1],"4":[15,6]},"_coverageSchema":"1a1c01bbd47fc00a2c39e90264f33305004495a9","hash":"a2e6bf0a5a2ef61bf25ac27d5cb7c36b80135fba"}
}
