TN:
SF:src\app.js
FN:29,(anonymous_0)
FNF:1
FNH:1
FNDA:8,(anonymous_0)
DA:1,4
DA:2,4
DA:4,4
DA:7,4
DA:9,4
DA:11,4
DA:12,4
DA:15,4
DA:16,4
DA:18,4
DA:19,4
DA:22,4
DA:23,4
DA:24,4
DA:26,4
DA:29,4
DA:30,8
DA:31,4
DA:35,4
LF:19
LH:19
BRDA:30,0,0,4
BRDA:30,0,1,4
BRF:2
BRH:2
end_of_record
TN:
SF:src\config.js
FNF:0
FNH:0
DA:1,4
DA:2,4
DA:3,4
DA:4,4
DA:5,4
LF:5
LH:5
BRDA:1,0,0,4
BRDA:1,0,1,0
BRDA:1,0,2,0
BRDA:2,1,0,4
BRDA:2,1,1,4
BRDA:3,2,0,4
BRDA:3,2,1,4
BRDA:4,3,0,4
BRDA:4,3,1,4
BRDA:5,4,0,4
BRDA:5,4,1,4
BRF:11
BRH:9
end_of_record
TN:
SF:src\controller\auth.js
FN:5,(anonymous_0)
FNF:1
FNH:1
FNDA:60,(anonymous_0)
DA:1,4
DA:2,4
DA:3,4
DA:5,4
DA:6,60
DA:7,60
DA:8,60
DA:9,1
DA:12,59
DA:14,59
DA:15,1
DA:17,58
DA:18,58
DA:19,1
DA:21,57
DA:22,57
DA:24,0
DA:28,4
LF:18
LH:17
BRDA:8,0,0,1
BRDA:8,0,1,59
BRDA:8,1,0,60
BRDA:8,1,1,60
BRDA:14,2,0,1
BRDA:14,2,1,58
BRDA:18,3,0,1
BRDA:18,3,1,57
BRF:8
BRH:8
end_of_record
TN:
SF:src\controller\orders.js
FN:5,(anonymous_0)
FN:16,(anonymous_1)
FN:32,(anonymous_2)
FN:51,(anonymous_3)
FN:67,(anonymous_4)
FN:92,(anonymous_5)
FNF:6
FNH:6
FNDA:4,(anonymous_0)
FNDA:3,(anonymous_1)
FNDA:1,(anonymous_2)
FNDA:3,(anonymous_3)
FNDA:5,(anonymous_4)
FNDA:3,(anonymous_5)
DA:1,4
DA:2,4
DA:3,4
DA:5,4
DA:6,4
DA:9,4
DA:10,4
DA:11,1
DA:13,3
DA:16,3
DA:17,3
DA:18,3
DA:19,1
DA:21,2
DA:22,2
DA:23,2
DA:28,0
DA:32,4
DA:33,1
DA:34,1
DA:35,1
DA:36,1
DA:37,1
DA:38,1
DA:44,1
DA:45,1
DA:47,0
DA:51,4
DA:52,3
DA:53,3
DA:54,3
DA:55,2
DA:56,2
DA:57,1
DA:59,1
DA:61,1
DA:63,0
DA:67,4
DA:68,5
DA:69,5
DA:70,5
DA:71,4
DA:72,1
DA:74,3
DA:75,3
DA:76,1
DA:78,2
DA:81,2
DA:82,1
DA:84,1
DA:86,1
DA:88,0
DA:92,4
DA:93,3
DA:94,3
DA:95,3
DA:96,2
DA:97,2
DA:98,1
DA:100,1
DA:102,1
DA:104,0
DA:108,4
LF:63
LH:58
BRDA:10,0,0,1
BRDA:10,0,1,3
BRDA:10,1,0,4
BRDA:10,1,1,3
BRDA:10,1,2,3
BRDA:18,2,0,1
BRDA:18,2,1,2
BRDA:34,3,0,1
BRDA:34,3,1,1
BRDA:35,4,0,1
BRDA:35,4,1,1
BRDA:40,5,0,0
BRDA:40,5,1,1
BRDA:41,6,0,1
BRDA:41,6,1,0
BRDA:42,7,0,1
BRDA:42,7,1,0
BRDA:54,8,0,2
BRDA:54,8,1,1
BRDA:56,9,0,1
BRDA:56,9,1,1
BRDA:70,10,0,4
BRDA:70,10,1,1
BRDA:71,11,0,1
BRDA:71,11,1,3
BRDA:71,12,0,4
BRDA:71,12,1,3
BRDA:71,12,2,3
BRDA:71,12,3,3
BRDA:71,12,4,3
BRDA:75,13,0,1
BRDA:75,13,1,2
BRDA:75,14,0,3
BRDA:75,14,1,1
BRDA:81,15,0,1
BRDA:81,15,1,1
BRDA:95,16,0,2
BRDA:95,16,1,1
BRDA:97,17,0,1
BRDA:97,17,1,1
BRF:40
BRH:37
end_of_record
TN:
SF:src\controller\products.js
FN:4,(anonymous_0)
FN:22,(anonymous_1)
FN:40,(anonymous_2)
FN:56,(anonymous_3)
FN:77,(anonymous_4)
FNF:5
FNH:5
FNDA:6,(anonymous_0)
FNDA:1,(anonymous_1)
FNDA:3,(anonymous_2)
FNDA:4,(anonymous_3)
FNDA:3,(anonymous_4)
DA:1,4
DA:2,4
DA:4,4
DA:5,6
DA:8,6
DA:9,6
DA:12,6
DA:13,1
DA:15,5
DA:16,5
DA:18,0
DA:22,4
DA:23,1
DA:24,1
DA:25,1
DA:26,1
DA:27,1
DA:33,1
DA:34,1
DA:36,0
DA:40,4
DA:41,3
DA:42,3
DA:43,3
DA:44,2
DA:45,2
DA:46,1
DA:48,1
DA:50,1
DA:52,0
DA:56,4
DA:57,4
DA:58,4
DA:59,4
DA:60,3
DA:61,1
DA:63,2
DA:66,2
DA:67,1
DA:69,1
DA:71,1
DA:73,0
DA:77,4
DA:78,3
DA:79,3
DA:80,3
DA:81,2
DA:82,2
DA:83,1
DA:85,1
DA:87,1
DA:89,0
DA:93,4
LF:53
LH:48
BRDA:12,0,0,1
BRDA:12,0,1,5
BRDA:12,1,0,6
BRDA:12,1,1,5
BRDA:24,2,0,1
BRDA:24,2,1,1
BRDA:25,3,0,1
BRDA:25,3,1,1
BRDA:29,4,0,0
BRDA:29,4,1,1
BRDA:30,5,0,1
BRDA:30,5,1,0
BRDA:31,6,0,1
BRDA:31,6,1,0
BRDA:43,7,0,2
BRDA:43,7,1,1
BRDA:45,8,0,1
BRDA:45,8,1,1
BRDA:59,9,0,3
BRDA:59,9,1,1
BRDA:60,10,0,1
BRDA:60,10,1,2
BRDA:60,11,0,3
BRDA:60,11,1,2
BRDA:60,11,2,2
BRDA:60,11,3,2
BRDA:60,11,4,2
BRDA:66,12,0,1
BRDA:66,12,1,1
BRDA:80,13,0,2
BRDA:80,13,1,1
BRDA:82,14,0,1
BRDA:82,14,1,1
BRF:33
BRH:30
end_of_record
TN:
SF:src\controller\users.js
FN:6,(anonymous_0)
FN:31,(anonymous_1)
FN:43,(anonymous_2)
FN:61,(anonymous_3)
FN:69,(anonymous_4)
FN:83,(anonymous_5)
FN:94,(anonymous_6)
FN:118,(anonymous_7)
FN:126,(anonymous_8)
FNF:9
FNH:8
FNDA:8,(anonymous_0)
FNDA:0,(anonymous_1)
FNDA:1,(anonymous_2)
FNDA:4,(anonymous_3)
FNDA:2,(anonymous_4)
FNDA:7,(anonymous_5)
FNDA:4,(anonymous_6)
FNDA:4,(anonymous_7)
FNDA:2,(anonymous_8)
DA:1,4
DA:2,4
DA:3,4
DA:4,4
DA:6,4
DA:7,8
DA:12,8
DA:13,8
DA:14,1
DA:16,7
DA:17,1
DA:18,6
DA:19,1
DA:21,5
DA:22,5
DA:23,4
DA:25,1
DA:29,1
DA:30,0
DA:31,0
DA:33,1
DA:34,1
DA:36,1
DA:37,1
DA:39,0
DA:43,4
DA:44,1
DA:45,1
DA:46,1
DA:47,1
DA:48,1
DA:54,1
DA:55,1
DA:57,0
DA:61,4
DA:62,4
DA:63,4
DA:64,4
DA:65,3
DA:66,3
DA:67,1
DA:69,2
DA:70,2
DA:71,1
DA:73,1
DA:76,1
DA:79,0
DA:83,4
DA:84,7
DA:85,7
DA:86,7
DA:87,6
DA:88,1
DA:90,5
DA:91,5
DA:92,1
DA:94,4
DA:95,4
DA:96,3
DA:97,1
DA:98,1
DA:100,3
DA:101,1
DA:103,2
DA:106,2
DA:108,1
DA:111,1
DA:114,0
DA:118,4
DA:119,4
DA:120,4
DA:121,4
DA:122,3
DA:123,3
DA:124,1
DA:126,2
DA:127,2
DA:128,1
DA:129,1
DA:131,1
DA:134,1
DA:137,0
DA:141,4
LF:83
LH:76
BRDA:13,0,0,1
BRDA:13,0,1,7
BRDA:13,1,0,8
BRDA:13,1,1,8
BRDA:16,2,0,1
BRDA:16,2,1,6
BRDA:18,3,0,1
BRDA:18,3,1,5
BRDA:22,4,0,4
BRDA:22,4,1,1
BRDA:29,5,0,0
BRDA:29,5,1,1
BRDA:45,6,0,1
BRDA:45,6,1,1
BRDA:46,7,0,1
BRDA:46,7,1,1
BRDA:50,8,0,0
BRDA:50,8,1,1
BRDA:51,9,0,1
BRDA:51,9,1,0
BRDA:52,10,0,1
BRDA:52,10,1,0
BRDA:64,11,0,3
BRDA:64,11,1,1
BRDA:66,12,0,1
BRDA:66,12,1,2
BRDA:70,13,0,1
BRDA:70,13,1,1
BRDA:70,14,0,2
BRDA:70,14,1,1
BRDA:86,15,0,6
BRDA:86,15,1,1
BRDA:87,16,0,1
BRDA:87,16,1,5
BRDA:87,17,0,6
BRDA:87,17,1,5
BRDA:87,17,2,5
BRDA:91,18,0,1
BRDA:91,18,1,4
BRDA:95,19,0,3
BRDA:95,19,1,1
BRDA:95,20,0,4
BRDA:95,20,1,2
BRDA:96,21,0,1
BRDA:96,21,1,2
BRDA:100,22,0,1
BRDA:100,22,1,2
BRDA:100,23,0,3
BRDA:100,23,1,1
BRDA:121,24,0,3
BRDA:121,24,1,1
BRDA:123,25,0,1
BRDA:123,25,1,2
BRDA:127,26,0,1
BRDA:127,26,1,1
BRDA:127,27,0,2
BRDA:127,27,1,1
BRF:57
BRH:53
end_of_record
TN:
SF:src\libs\initialSetup.js
FN:3,(anonymous_0)
FNF:1
FNH:1
FNDA:4,(anonymous_0)
DA:1,4
DA:3,4
DA:4,4
DA:5,4
DA:6,4
DA:7,0
DA:12,0
DA:16,4
LF:8
LH:6
BRDA:6,0,0,4
BRDA:6,0,1,0
BRF:2
BRH:1
end_of_record
TN:
SF:src\middleware\auth.js
FN:6,(anonymous_0)
FN:21,(anonymous_1)
FN:25,(anonymous_2)
FN:37,(anonymous_3)
FN:41,(anonymous_4)
FNF:5
FNH:5
FNDA:78,(anonymous_0)
FNDA:27,(anonymous_1)
FNDA:27,(anonymous_2)
FNDA:8,(anonymous_3)
FNDA:8,(anonymous_4)
DA:1,4
DA:2,4
DA:3,4
DA:4,4
DA:6,4
DA:7,78
DA:8,78
DA:9,78
DA:10,15
DA:13,63
DA:14,62
DA:15,62
DA:17,1
DA:21,4
DA:22,27
DA:23,27
DA:24,27
DA:25,27
DA:26,27
DA:27,22
DA:29,5
DA:33,0
DA:37,4
DA:38,8
DA:39,8
DA:40,8
DA:41,8
DA:42,8
DA:43,4
DA:45,4
DA:48,8
DA:51,4
LF:32
LH:31
BRDA:9,0,0,15
BRDA:9,0,1,63
BRDA:26,1,0,22
BRDA:26,1,1,5
BRDA:42,2,0,4
BRDA:42,2,1,4
BRF:6
BRH:6
end_of_record
TN:
SF:src\middleware\error.js
FNF:0
FNH:0
DA:1,4
LF:1
LH:1
BRF:0
BRH:0
end_of_record
TN:
SF:src\models\Orders.js
FNF:0
FNH:0
DA:1,4
DA:3,4
DA:4,4
DA:6,4
DA:42,4
DA:44,4
LF:6
LH:6
BRF:0
BRH:0
end_of_record
TN:
SF:src\models\Products.js
FNF:0
FNH:0
DA:3,4
DA:4,4
DA:6,4
DA:8,4
DA:29,4
DA:31,4
LF:6
LH:6
BRF:0
BRH:0
end_of_record
TN:
SF:src\models\Roles.js
FNF:0
FNH:0
DA:1,4
DA:3,4
DA:5,4
DA:14,4
LF:4
LH:4
BRF:0
BRH:0
end_of_record
TN:
SF:src\models\Users.js
FN:27,(anonymous_0)
FN:33,(anonymous_1)
FNF:2
FNH:2
FNDA:2,(anonymous_0)
FNDA:58,(anonymous_1)
DA:1,4
DA:2,4
DA:3,4
DA:5,4
DA:7,4
DA:27,4
DA:28,2
DA:29,2
DA:30,2
DA:33,4
DA:34,58
DA:35,58
DA:38,4
DA:40,4
LF:14
LH:14
BRF:0
BRH:0
end_of_record
TN:
SF:src\routes\auth.js
FN:4,(anonymous_0)
FNF:1
FNH:1
FNDA:4,(anonymous_0)
DA:1,4
DA:4,4
DA:17,4
DA:18,4
LF:4
LH:4
BRF:0
BRH:0
end_of_record
TN:
SF:src\routes\index.js
FN:6,(anonymous_0)
FN:8,(anonymous_1)
FN:9,(anonymous_2)
FN:14,(anonymous_3)
FN:19,(anonymous_4)
FN:27,(anonymous_5)
FNF:6
FNH:4
FNDA:4,(anonymous_0)
FNDA:0,(anonymous_1)
FNDA:0,(anonymous_2)
FNDA:24,(anonymous_3)
FNDA:24,(anonymous_4)
FNDA:4,(anonymous_5)
DA:1,4
DA:2,4
DA:3,4
DA:4,4
DA:6,4
DA:7,4
DA:8,4
DA:9,4
DA:10,4
DA:14,4
DA:15,24
DA:16,4
DA:19,20
DA:20,24
DA:21,4
DA:23,20
DA:27,4
LF:17
LH:17
BRDA:15,0,0,4
BRDA:15,0,1,20
BRDA:20,1,0,4
BRDA:20,1,1,20
BRF:4
BRH:4
end_of_record
TN:
SF:src\routes\orders.js
FN:11,(anonymous_0)
FNF:1
FNH:1
FNDA:4,(anonymous_0)
DA:7,4
DA:8,4
DA:11,4
DA:38,4
DA:61,4
DA:89,4
DA:119,4
DA:142,4
DA:144,4
LF:9
LH:9
BRF:0
BRH:0
end_of_record
TN:
SF:src\routes\products.js
FN:12,(anonymous_0)
FNF:1
FNH:1
FNDA:4,(anonymous_0)
DA:7,4
DA:8,4
DA:12,4
DA:35,4
DA:54,4
DA:78,4
DA:103,4
DA:123,4
DA:125,4
LF:9
LH:9
BRF:0
BRH:0
end_of_record
TN:
SF:src\routes\users.js
FN:84,(anonymous_0)
FNF:1
FNH:1
FNDA:4,(anonymous_0)
DA:2,4
DA:3,4
DA:4,4
DA:11,4
DA:12,4
DA:84,4
DA:107,4
DA:125,4
DA:146,4
DA:171,4
DA:189,4
DA:191,4
LF:12
LH:12
BRF:0
BRH:0
end_of_record
TN:
SF:src\utils\utils.js
FN:1,(anonymous_0)
FN:13,(anonymous_1)
FN:21,(anonymous_2)
FN:29,(anonymous_3)
FNF:4
FNH:4
FNDA:15,(anonymous_0)
FNDA:7,(anonymous_1)
FNDA:6,(anonymous_2)
FNDA:21,(anonymous_3)
DA:1,4
DA:2,15
DA:3,15
DA:4,15
DA:5,7
DA:7,8
DA:8,5
DA:10,3
DA:13,4
DA:14,7
DA:15,7
DA:16,6
DA:18,1
DA:21,4
DA:22,6
DA:23,6
DA:24,5
DA:26,1
DA:29,4
DA:30,21
DA:31,21
DA:32,15
DA:34,6
DA:37,4
LF:24
LH:24
BRDA:4,0,0,7
BRDA:4,0,1,8
BRDA:7,1,0,5
BRDA:7,1,1,3
BRDA:15,2,0,6
BRDA:15,2,1,1
BRDA:23,3,0,5
BRDA:23,3,1,1
BRDA:31,4,0,15
BRDA:31,4,1,6
BRF:10
BRH:10
end_of_record
